<?xml version="1.0" encoding="UTF-8"?>
<!-- Generated by org.testng.reporters.JUnitXMLReporter -->
<testsuite hostname="CDXN-IT024116" ignored="36" name="ProductionSanityTest-Admin" tests="10" failures="10" timestamp="18 Dec 2019 04:16:08 GMT" time="162.014" errors="0">
  <testcase name="@AfterTest afterTest" time="5.01" classname="launchpadBC.testcases.EndUser.BaseClass_EUser">
    <failure type="org.openqa.selenium.NoSuchElementException" message="no such element: Unable to locate element: {&amp;quot;method&amp;quot;:&amp;quot;xpath&amp;quot;,&amp;quot;selector&amp;quot;:&amp;quot;//input[@value=&amp;apos;LOG-OFF&amp;apos;]&amp;quot;}
  (Session info: chrome=79.0.3945.79)
For documentation on this error, please visit: http://seleniumhq.org/exceptions/no_such_element.html
Build info: version: &amp;apos;3.11.0&amp;apos;, revision: &amp;apos;e59cfb3&amp;apos;, time: &amp;apos;2018-03-11T20:26:55.152Z&amp;apos;
System info: host: &amp;apos;CDXN-IT024116&amp;apos;, ip: &amp;apos;10.168.6.125&amp;apos;, os.name: &amp;apos;Windows 10&amp;apos;, os.arch: &amp;apos;amd64&amp;apos;, os.version: &amp;apos;10.0&amp;apos;, java.version: &amp;apos;1.8.0_231&amp;apos;
Driver info: org.openqa.selenium.chrome.ChromeDriver
Capabilities {acceptInsecureCerts: false, browserName: chrome, browserVersion: 79.0.3945.79, chrome: {chromedriverVersion: 79.0.3945.36 (3582db32b3389..., userDataDir: C:\Users\VALABO~1\AppData\L...}, goog:chromeOptions: {debuggerAddress: localhost:54681}, javascriptEnabled: true, networkConnectionEnabled: false, pageLoadStrategy: normal, platform: WINDOWS, platformName: WINDOWS, proxy: Proxy(), setWindowRect: true, strictFileInteractability: false, timeouts: {implicit: 0, pageLoad: 300000, script: 30000}, unhandledPromptBehavior: dismiss and notify}
Session ID: 4b5843f219613d77566279c0bba895dd
*** Element info: {Using=xpath, value=//input[@value=&amp;apos;LOG-OFF&amp;apos;]}">
      <![CDATA[org.openqa.selenium.NoSuchElementException: no such element: Unable to locate element: {"method":"xpath","selector":"//input[@value='LOG-OFF']"}  (Session info: chrome=79.0.3945.79)For documentation on this error, please visit: http://seleniumhq.org/exceptions/no_such_element.htmlBuild info: version: '3.11.0', revision: 'e59cfb3', time: '2018-03-11T20:26:55.152Z'System info: host: 'CDXN-IT024116', ip: '10.168.6.125', os.name: 'Windows 10', os.arch: 'amd64', os.version: '10.0', java.version: '1.8.0_231'Driver info: org.openqa.selenium.chrome.ChromeDriverCapabilities {acceptInsecureCerts: false, browserName: chrome, browserVersion: 79.0.3945.79, chrome: {chromedriverVersion: 79.0.3945.36 (3582db32b3389..., userDataDir: C:\Users\VALABO~1\AppData\L...}, goog:chromeOptions: {debuggerAddress: localhost:54681}, javascriptEnabled: true, networkConnectionEnabled: false, pageLoadStrategy: normal, platform: WINDOWS, platformName: WINDOWS, proxy: Proxy(), setWindowRect: true, strictFileInteractability: false, timeouts: {implicit: 0, pageLoad: 300000, script: 30000}, unhandledPromptBehavior: dismiss and notify}Session ID: 4b5843f219613d77566279c0bba895dd*** Element info: {Using=xpath, value=//input[@value='LOG-OFF']}at org.openqa.selenium.remote.http.W3CHttpResponseCodec.createException(W3CHttpResponseCodec.java:187)at org.openqa.selenium.remote.http.W3CHttpResponseCodec.decode(W3CHttpResponseCodec.java:122)at org.openqa.selenium.remote.http.W3CHttpResponseCodec.decode(W3CHttpResponseCodec.java:49)at org.openqa.selenium.remote.HttpCommandExecutor.execute(HttpCommandExecutor.java:158)at org.openqa.selenium.remote.service.DriverCommandExecutor.execute(DriverCommandExecutor.java:83)at org.openqa.selenium.remote.RemoteWebDriver.execute(RemoteWebDriver.java:545)at org.openqa.selenium.remote.RemoteWebDriver.findElement(RemoteWebDriver.java:319)at org.openqa.selenium.remote.RemoteWebDriver.findElementByXPath(RemoteWebDriver.java:421)at org.openqa.selenium.By$ByXPath.findElement(By.java:361)at org.openqa.selenium.remote.RemoteWebDriver.findElement(RemoteWebDriver.java:311)at launchpadBC.objects.BC_MainPage.logout(BC_MainPage.java:28)at launchpadBC.testcases.EndUser.BaseClass_EUser.afterTest(BaseClass_EUser.java:91)... Removed 28 stack frames]]>
    </failure>
  </testcase> <!-- @AfterTest afterTest -->
  <testcase name="verifySearchEntry" time="35.697" classname="launchpadBC.testcases.EndUser.VSTS_11418_EUser">
    <failure type="java.lang.AssertionError" message="expected [false] but found [true]">
      <![CDATA[java.lang.AssertionError: expected [false] but found [true]at utils.BugsHandler.createbug(BugsHandler.java:136)at launchpadBC.testcases.EndUser.VSTS_11418_EUser.verifySearchEntry(VSTS_11418_EUser.java:40)... Removed 31 stack frames]]>
    </failure>
  </testcase> <!-- verifySearchEntry -->
  <testcase name="verifyLinksPhysicianPage" time="11.827" classname="launchpadBC.testcases.EndUser.VSTS_11419_EUser">
    <failure type="java.lang.AssertionError" message="expected [false] but found [true]">
      <![CDATA[java.lang.AssertionError: expected [false] but found [true]at utils.BugsHandler.createbug(BugsHandler.java:136)at launchpadBC.testcases.EndUser.VSTS_11419_EUser.verifyLinksPhysicianPage(VSTS_11419_EUser.java:45)... Removed 31 stack frames]]>
    </failure>
  </testcase> <!-- verifyLinksPhysicianPage -->
  <testcase name="verifyLinksLocationEntryPage" time="9.352" classname="launchpadBC.testcases.EndUser.VSTS_11420_EUser">
    <failure type="java.lang.AssertionError" message="expected [false] but found [true]">
      <![CDATA[java.lang.AssertionError: expected [false] but found [true]at utils.BugsHandler.createbug(BugsHandler.java:136)at launchpadBC.testcases.EndUser.VSTS_11420_EUser.verifyLinksLocationEntryPage(VSTS_11420_EUser.java:44)... Removed 31 stack frames]]>
    </failure>
  </testcase> <!-- verifyLinksLocationEntryPage -->
  <testcase name="verifyTestCatalougeSuccessMsg" time="10.507" classname="launchpadBC.testcases.EndUser.VSTS_11421_EUser">
    <failure type="java.lang.AssertionError" message="expected [false] but found [true]">
      <![CDATA[java.lang.AssertionError: expected [false] but found [true]at utils.BugsHandler.createbug(BugsHandler.java:136)at launchpadBC.testcases.EndUser.VSTS_11421_EUser.verifyTestCatalougeSuccessMsg(VSTS_11421_EUser.java:71)... Removed 31 stack frames]]>
    </failure>
  </testcase> <!-- verifyTestCatalougeSuccessMsg -->
  <testcase name="validateLOINCvalue" time="10.113" classname="launchpadBC.testcases.EndUser.VSTS_11422_EUser">
    <failure type="java.lang.AssertionError" message="expected [false] but found [true]">
      <![CDATA[java.lang.AssertionError: expected [false] but found [true]at utils.BugsHandler.createbug(BugsHandler.java:136)at launchpadBC.testcases.EndUser.VSTS_11422_EUser.validateLOINCvalue(VSTS_11422_EUser.java:51)... Removed 31 stack frames]]>
    </failure>
  </testcase> <!-- validateLOINCvalue -->
  <testcase name="hl7Upload" time="11.37" classname="launchpadBC.testcases.EndUser.VSTS_11426_EUser">
    <failure type="java.lang.AssertionError" message="expected [false] but found [true]">
      <![CDATA[java.lang.AssertionError: expected [false] but found [true]at utils.BugsHandler.createbug(BugsHandler.java:136)at launchpadBC.testcases.EndUser.VSTS_11426_EUser.hl7Upload(VSTS_11426_EUser.java:48)... Removed 31 stack frames]]>
    </failure>
  </testcase> <!-- hl7Upload -->
  <testcase name="validateAuditTrail" time="4.248" classname="launchpadBC.testcases.EndUser.VSTS_11423_EUser">
    <failure type="java.lang.AssertionError" message="expected [false] but found [true]">
      <![CDATA[java.lang.AssertionError: expected [false] but found [true]at utils.BugsHandler.createbug(BugsHandler.java:136)at launchpadBC.testcases.EndUser.VSTS_11423_EUser.validateAuditTrail(VSTS_11423_EUser.java:41)... Removed 31 stack frames]]>
    </failure>
  </testcase> <!-- validateAuditTrail -->
  <testcase name="exceptionResultsFound" time="21.965" classname="launchpadBC.testcases.EndUser.VSTS_11424_EUser">
    <failure type="java.lang.AssertionError" message="expected [false] but found [true]">
      <![CDATA[java.lang.AssertionError: expected [false] but found [true]at utils.BugsHandler.createbug(BugsHandler.java:136)at launchpadBC.testcases.EndUser.VSTS_11424_EUser.exceptionResultsFound(VSTS_11424_EUser.java:44)... Removed 31 stack frames]]>
    </failure>
  </testcase> <!-- exceptionResultsFound -->
  <testcase name="testmodals" time="9.415" classname="launchpadBC.testcases.EndUser.VSTS_11425_EUser">
    <failure type="java.lang.AssertionError" message="expected [false] but found [true]">
      <![CDATA[java.lang.AssertionError: expected [false] but found [true]at utils.BugsHandler.createbug(BugsHandler.java:136)at launchpadBC.testcases.EndUser.VSTS_11425_EUser.testmodals(VSTS_11425_EUser.java:47)... Removed 31 stack frames]]>
    </failure>
  </testcase> <!-- testmodals -->
  <testcase name="statusUpdateAccession" time="9.209" classname="launchpadBC.testcases.EndUser.VSTS_11663_EUser">
    <failure type="java.lang.AssertionError" message="expected [false] but found [true]">
      <![CDATA[java.lang.AssertionError: expected [false] but found [true]at utils.BugsHandler.createbug(BugsHandler.java:136)at launchpadBC.testcases.EndUser.VSTS_11663_EUser.statusUpdateAccession(VSTS_11663_EUser.java:50)... Removed 31 stack frames]]>
    </failure>
  </testcase> <!-- statusUpdateAccession -->
  <testcase name="@AfterSuite afterSuite" time="0.0" classname="launchpadBC.testcases.EndUser.BaseClass_EUser">
    <ignored/>
  </testcase> <!-- @AfterSuite afterSuite -->
  <testcase name="@AfterSuite afterSuite" time="0.0" classname="launchpadBC.testcases.EndUser.BaseClass_EUser">
    <ignored/>
  </testcase> <!-- @AfterSuite afterSuite -->
  <testcase name="@AfterSuite afterSuite" time="0.0" classname="launchpadBC.testcases.EndUser.BaseClass_EUser">
    <ignored/>
  </testcase> <!-- @AfterSuite afterSuite -->
  <testcase name="@AfterSuite afterSuite" time="0.0" classname="launchpadBC.testcases.EndUser.BaseClass_EUser">
    <ignored/>
  </testcase> <!-- @AfterSuite afterSuite -->
  <testcase name="@AfterSuite afterSuite" time="0.0" classname="launchpadBC.testcases.EndUser.BaseClass_EUser">
    <ignored/>
  </testcase> <!-- @AfterSuite afterSuite -->
  <testcase name="@AfterSuite afterSuite" time="0.0" classname="launchpadBC.testcases.EndUser.BaseClass_EUser">
    <ignored/>
  </testcase> <!-- @AfterSuite afterSuite -->
  <testcase name="@AfterSuite afterSuite" time="0.0" classname="launchpadBC.testcases.EndUser.BaseClass_EUser">
    <ignored/>
  </testcase> <!-- @AfterSuite afterSuite -->
  <testcase name="@AfterSuite afterSuite" time="0.0" classname="launchpadBC.testcases.EndUser.BaseClass_EUser">
    <ignored/>
  </testcase> <!-- @AfterSuite afterSuite -->
  <testcase name="@AfterSuite afterSuite" time="0.0" classname="launchpadBC.testcases.EndUser.BaseClass_EUser">
    <ignored/>
  </testcase> <!-- @AfterSuite afterSuite -->
  <testcase name="@BeforeTest beforeTest" time="0.0" classname="launchpadBC.testcases.EndUser.BaseClass_EUser">
    <ignored/>
  </testcase> <!-- @BeforeTest beforeTest -->
  <testcase name="@BeforeTest beforeTest" time="0.0" classname="launchpadBC.testcases.EndUser.BaseClass_EUser">
    <ignored/>
  </testcase> <!-- @BeforeTest beforeTest -->
  <testcase name="@BeforeTest beforeTest" time="0.0" classname="launchpadBC.testcases.EndUser.BaseClass_EUser">
    <ignored/>
  </testcase> <!-- @BeforeTest beforeTest -->
  <testcase name="@BeforeTest beforeTest" time="0.0" classname="launchpadBC.testcases.EndUser.BaseClass_EUser">
    <ignored/>
  </testcase> <!-- @BeforeTest beforeTest -->
  <testcase name="@BeforeTest beforeTest" time="0.0" classname="launchpadBC.testcases.EndUser.BaseClass_EUser">
    <ignored/>
  </testcase> <!-- @BeforeTest beforeTest -->
  <testcase name="@BeforeTest beforeTest" time="0.0" classname="launchpadBC.testcases.EndUser.BaseClass_EUser">
    <ignored/>
  </testcase> <!-- @BeforeTest beforeTest -->
  <testcase name="@BeforeTest beforeTest" time="0.0" classname="launchpadBC.testcases.EndUser.BaseClass_EUser">
    <ignored/>
  </testcase> <!-- @BeforeTest beforeTest -->
  <testcase name="@BeforeTest beforeTest" time="0.0" classname="launchpadBC.testcases.EndUser.BaseClass_EUser">
    <ignored/>
  </testcase> <!-- @BeforeTest beforeTest -->
  <testcase name="@BeforeTest beforeTest" time="0.0" classname="launchpadBC.testcases.EndUser.BaseClass_EUser">
    <ignored/>
  </testcase> <!-- @BeforeTest beforeTest -->
  <testcase name="@BeforeSuite openbrowser" time="0.0" classname="launchpadBC.testcases.EndUser.BaseClass_EUser">
    <ignored/>
  </testcase> <!-- @BeforeSuite openbrowser -->
  <testcase name="@BeforeSuite openbrowser" time="0.0" classname="launchpadBC.testcases.EndUser.BaseClass_EUser">
    <ignored/>
  </testcase> <!-- @BeforeSuite openbrowser -->
  <testcase name="@BeforeSuite openbrowser" time="0.0" classname="launchpadBC.testcases.EndUser.BaseClass_EUser">
    <ignored/>
  </testcase> <!-- @BeforeSuite openbrowser -->
  <testcase name="@BeforeSuite openbrowser" time="0.0" classname="launchpadBC.testcases.EndUser.BaseClass_EUser">
    <ignored/>
  </testcase> <!-- @BeforeSuite openbrowser -->
  <testcase name="@BeforeSuite openbrowser" time="0.0" classname="launchpadBC.testcases.EndUser.BaseClass_EUser">
    <ignored/>
  </testcase> <!-- @BeforeSuite openbrowser -->
  <testcase name="@BeforeSuite openbrowser" time="0.0" classname="launchpadBC.testcases.EndUser.BaseClass_EUser">
    <ignored/>
  </testcase> <!-- @BeforeSuite openbrowser -->
  <testcase name="@BeforeSuite openbrowser" time="0.0" classname="launchpadBC.testcases.EndUser.BaseClass_EUser">
    <ignored/>
  </testcase> <!-- @BeforeSuite openbrowser -->
  <testcase name="@BeforeSuite openbrowser" time="0.0" classname="launchpadBC.testcases.EndUser.BaseClass_EUser">
    <ignored/>
  </testcase> <!-- @BeforeSuite openbrowser -->
  <testcase name="@BeforeSuite openbrowser" time="0.0" classname="launchpadBC.testcases.EndUser.BaseClass_EUser">
    <ignored/>
  </testcase> <!-- @BeforeSuite openbrowser -->
  <testcase name="@AfterTest afterTest" time="0.0" classname="launchpadBC.testcases.EndUser.BaseClass_EUser">
    <ignored/>
  </testcase> <!-- @AfterTest afterTest -->
  <testcase name="@AfterTest afterTest" time="0.0" classname="launchpadBC.testcases.EndUser.BaseClass_EUser">
    <ignored/>
  </testcase> <!-- @AfterTest afterTest -->
  <testcase name="@AfterTest afterTest" time="0.0" classname="launchpadBC.testcases.EndUser.BaseClass_EUser">
    <ignored/>
  </testcase> <!-- @AfterTest afterTest -->
  <testcase name="@AfterTest afterTest" time="0.0" classname="launchpadBC.testcases.EndUser.BaseClass_EUser">
    <ignored/>
  </testcase> <!-- @AfterTest afterTest -->
  <testcase name="@AfterTest afterTest" time="0.0" classname="launchpadBC.testcases.EndUser.BaseClass_EUser">
    <ignored/>
  </testcase> <!-- @AfterTest afterTest -->
  <testcase name="@AfterTest afterTest" time="0.0" classname="launchpadBC.testcases.EndUser.BaseClass_EUser">
    <ignored/>
  </testcase> <!-- @AfterTest afterTest -->
  <testcase name="@AfterTest afterTest" time="0.0" classname="launchpadBC.testcases.EndUser.BaseClass_EUser">
    <ignored/>
  </testcase> <!-- @AfterTest afterTest -->
  <testcase name="@AfterTest afterTest" time="0.0" classname="launchpadBC.testcases.EndUser.BaseClass_EUser">
    <ignored/>
  </testcase> <!-- @AfterTest afterTest -->
  <testcase name="@AfterTest afterTest" time="0.0" classname="launchpadBC.testcases.EndUser.BaseClass_EUser">
    <ignored/>
  </testcase> <!-- @AfterTest afterTest -->
</testsuite> <!-- ProductionSanityTest-Admin -->
