<?xml version="1.0" encoding="UTF-8"?>
<!-- Generated by org.testng.reporters.JUnitXMLReporter -->
<testsuite hostname="CDXN-IT024116" ignored="4" name="ProductionSanityTest-MOA" tests="2" failures="1" timestamp="19 Dec 2019 21:23:36 GMT" time="112.651" errors="0">
  <testcase name="testmodals" time="26.591" classname="launchpadBC.testcases.QA.VSTS_11427_QA"/>
  <testcase name="testmodals" time="37.141" classname="launchpadBC.testcases.QA.VSTS_10339_QA">
    <failure type="java.lang.AssertionError" message="expected [false] but found [true]">
      <![CDATA[java.lang.AssertionError: expected [false] but found [true]at utils.BugsHandler.createbug(BugsHandler.java:136)at launchpadBC.testcases.QA.VSTS_10339_QA.testmodals(VSTS_10339_QA.java:72)... Removed 31 stack frames]]>
    </failure>
  </testcase> <!-- testmodals -->
  <testcase name="@AfterTest afterTest" time="0.0" classname="launchpadBC.testcases.EndUser.BaseClass_EUser">
    <ignored/>
  </testcase> <!-- @AfterTest afterTest -->
  <testcase name="@AfterSuite afterSuite" time="0.0" classname="launchpadBC.testcases.EndUser.BaseClass_EUser">
    <ignored/>
  </testcase> <!-- @AfterSuite afterSuite -->
  <testcase name="@BeforeTest beforeTest" time="0.0" classname="launchpadBC.testcases.EndUser.BaseClass_EUser">
    <ignored/>
  </testcase> <!-- @BeforeTest beforeTest -->
  <testcase name="@BeforeSuite openbrowser" time="0.0" classname="launchpadBC.testcases.EndUser.BaseClass_EUser">
    <ignored/>
  </testcase> <!-- @BeforeSuite openbrowser -->
</testsuite> <!-- ProductionSanityTest-MOA -->
