<?xml version="1.0" encoding="UTF-8"?>
<!-- Generated by org.testng.reporters.JUnitXMLReporter -->
<testsuite hostname="cdxn-IT020499" ignored="0" name="Default test" tests="1" failures="1" timestamp="17 Sep 2018 20:39:33 GMT" time="0.027" errors="0">
  <testcase name="@BeforeSuite openbrowser" time="0.508" classname="launchpadBC.testcases.Regression.BaseClass_Regression">
    <failure type="java.lang.NullPointerException">
      <![CDATA[java.lang.NullPointerExceptionat utils.WebHandler.openBrowser(WebHandler.java:41)at launchpadBC.testcases.Regression.BaseClass_Regression.openbrowser(BaseClass_Regression.java:55)at sun.reflect.NativeMethodAccessorImpl.invoke0(Native Method)at sun.reflect.NativeMethodAccessorImpl.invoke(NativeMethodAccessorImpl.java:62)at sun.reflect.DelegatingMethodAccessorImpl.invoke(DelegatingMethodAccessorImpl.java:43)at java.lang.reflect.Method.invoke(Method.java:498)at org.testng.internal.MethodInvocationHelper.invokeMethod(MethodInvocationHelper.java:124)at org.testng.internal.MethodInvocationHelper.invokeMethodConsideringTimeout(MethodInvocationHelper.java:59)at org.testng.internal.Invoker.invokeConfigurationMethod(Invoker.java:451)at org.testng.internal.Invoker.invokeConfigurations(Invoker.java:222)at org.testng.internal.Invoker.invokeConfigurations(Invoker.java:142)at org.testng.SuiteRunner.privateRun(SuiteRunner.java:401)at org.testng.SuiteRunner.run(SuiteRunner.java:364)at org.testng.SuiteRunnerWorker.runSuite(SuiteRunnerWorker.java:52)at org.testng.SuiteRunnerWorker.run(SuiteRunnerWorker.java:84)at org.testng.TestNG.runSuitesSequentially(TestNG.java:1187)at org.testng.TestNG.runSuitesLocally(TestNG.java:1116)at org.testng.TestNG.runSuites(TestNG.java:1028)at org.testng.TestNG.run(TestNG.java:996)at org.testng.remote.AbstractRemoteTestNG.run(AbstractRemoteTestNG.java:114)at org.testng.remote.RemoteTestNG.initAndRun(RemoteTestNG.java:251)at org.testng.remote.RemoteTestNG.main(RemoteTestNG.java:77)]]>
    </failure>
  </testcase> <!-- @BeforeSuite openbrowser -->
  <testcase name="@AfterTest afterTest" time="0.0" classname="launchpadBC.testcases.Regression.BaseClass_Regression">
    <skipped/>
  </testcase> <!-- @AfterTest afterTest -->
  <testcase name="hl7Upload" time="0.0" classname="launchpadBC.testcases.Regression.VSTS_Admin_ModifyEmail_19326">
    <failure type="org.testng.TestNGException" message="
Parameter &amp;apos;bugflag&amp;apos; is required by @Test on method hl7Upload but has not been marked @Optional or defined
in C:\Users\szhang\AppData\Local\Temp\testng-eclipse--1677897340\testng-customsuite.xml">
      <![CDATA[org.testng.TestNGException: Parameter 'bugflag' is required by @Test on method hl7Upload but has not been marked @Optional or definedin C:\Users\szhang\AppData\Local\Temp\testng-eclipse--1677897340\testng-customsuite.xmlat org.testng.internal.Parameters.createParams(Parameters.java:290)at org.testng.internal.Parameters.createParametersForMethod(Parameters.java:359)at org.testng.internal.Parameters.createParameters(Parameters.java:620)at org.testng.internal.Parameters.handleParameters(Parameters.java:769)at org.testng.internal.ParameterHandler.handleParameters(ParameterHandler.java:49)at org.testng.internal.ParameterHandler.createParameters(ParameterHandler.java:37)at org.testng.internal.Invoker.invokeTestMethods(Invoker.java:914)at org.testng.internal.TestMethodWorker.invokeTestMethods(TestMethodWorker.java:125)at org.testng.internal.TestMethodWorker.run(TestMethodWorker.java:109)at org.testng.TestRunner.privateRun(TestRunner.java:648)at org.testng.TestRunner.run(TestRunner.java:505)at org.testng.SuiteRunner.runTest(SuiteRunner.java:455)at org.testng.SuiteRunner.runSequentially(SuiteRunner.java:450)at org.testng.SuiteRunner.privateRun(SuiteRunner.java:415)at org.testng.SuiteRunner.run(SuiteRunner.java:364)at org.testng.SuiteRunnerWorker.runSuite(SuiteRunnerWorker.java:52)at org.testng.SuiteRunnerWorker.run(SuiteRunnerWorker.java:84)at org.testng.TestNG.runSuitesSequentially(TestNG.java:1187)at org.testng.TestNG.runSuitesLocally(TestNG.java:1116)at org.testng.TestNG.runSuites(TestNG.java:1028)at org.testng.TestNG.run(TestNG.java:996)at org.testng.remote.AbstractRemoteTestNG.run(AbstractRemoteTestNG.java:114)at org.testng.remote.RemoteTestNG.initAndRun(RemoteTestNG.java:251)at org.testng.remote.RemoteTestNG.main(RemoteTestNG.java:77)]]>
    </failure>
  </testcase> <!-- hl7Upload -->
</testsuite> <!-- Default test -->
