<?xml version="1.0" encoding="UTF-8"?>
<testng-results skipped="0" failed="1" ignored="4" total="6" passed="1">
  <reporter-output>
  </reporter-output>
  <suite name="LaunchpadBC_Tests" duration-ms="112651" started-at="2019-12-19T21:21:43Z" finished-at="2019-12-19T21:23:36Z">
    <groups>
    </groups>
    <test name="ProductionSanityTest-MOA" duration-ms="112651" started-at="2019-12-19T21:21:43Z" finished-at="2019-12-19T21:23:36Z">
      <class name="launchpadBC.testcases.QA.VSTS_10339_QA">
        <test-method status="PASS" signature="beforeMethod()[pri:0, instance:launchpadBC.testcases.QA.VSTS_10339_QA@32eebfca]" name="beforeMethod" is-config="true" duration-ms="12" started-at="2019-12-19T13:22:57Z" finished-at="2019-12-19T13:22:57Z">
          <reporter-output>
          </reporter-output>
        </test-method> <!-- beforeMethod -->
        <test-method status="FAIL" signature="testmodals(boolean, boolean)[pri:0, instance:launchpadBC.testcases.QA.VSTS_10339_QA@32eebfca]" name="testmodals" duration-ms="37141" started-at="2019-12-19T13:22:57Z" finished-at="2019-12-19T13:23:34Z">
          <params>
            <param index="0">
              <value>
                <![CDATA[false]]>
              </value>
            </param>
            <param index="1">
              <value>
                <![CDATA[false]]>
              </value>
            </param>
          </params>
          <exception class="java.lang.AssertionError">
            <message>
              <![CDATA[expected [false] but found [true]]]>
            </message>
            <full-stacktrace>
              <![CDATA[java.lang.AssertionError: expected [false] but found [true]at org.testng.Assert.fail(Assert.java:96)at org.testng.Assert.failNotEquals(Assert.java:776)at org.testng.Assert.assertEqualsImpl(Assert.java:137)at org.testng.Assert.assertEquals(Assert.java:118)at org.testng.Assert.assertEquals(Assert.java:568)at org.testng.Assert.assertEquals(Assert.java:578)at utils.BugsHandler.createbug(BugsHandler.java:136)at launchpadBC.testcases.QA.VSTS_10339_QA.testmodals(VSTS_10339_QA.java:72)at sun.reflect.NativeMethodAccessorImpl.invoke0(Native Method)at sun.reflect.NativeMethodAccessorImpl.invoke(Unknown Source)at sun.reflect.DelegatingMethodAccessorImpl.invoke(Unknown Source)at java.lang.reflect.Method.invoke(Unknown Source)at org.testng.internal.MethodInvocationHelper.invokeMethod(MethodInvocationHelper.java:124)at org.testng.internal.Invoker.invokeMethod(Invoker.java:571)at org.testng.internal.Invoker.invokeTestMethod(Invoker.java:707)at org.testng.internal.Invoker.invokeTestMethods(Invoker.java:979)at org.testng.internal.TestMethodWorker.invokeTestMethods(TestMethodWorker.java:125)at org.testng.internal.TestMethodWorker.run(TestMethodWorker.java:109)at org.testng.TestRunner.privateRun(TestRunner.java:648)at org.testng.TestRunner.run(TestRunner.java:505)at org.testng.SuiteRunner.runTest(SuiteRunner.java:455)at org.testng.SuiteRunner.runSequentially(SuiteRunner.java:450)at org.testng.SuiteRunner.privateRun(SuiteRunner.java:415)at org.testng.SuiteRunner.run(SuiteRunner.java:364)at org.testng.SuiteRunnerWorker.runSuite(SuiteRunnerWorker.java:52)at org.testng.SuiteRunnerWorker.run(SuiteRunnerWorker.java:84)at org.testng.TestNG.runSuitesSequentially(TestNG.java:1187)at org.testng.TestNG.runSuitesLocally(TestNG.java:1116)at org.testng.TestNG.runSuites(TestNG.java:1028)at org.testng.TestNG.run(TestNG.java:996)at org.testng.remote.AbstractRemoteTestNG.run(AbstractRemoteTestNG.java:115)at org.testng.remote.RemoteTestNG.initAndRun(RemoteTestNG.java:251)at org.testng.remote.RemoteTestNG.main(RemoteTestNG.java:77)]]>
            </full-stacktrace>
          </exception> <!-- java.lang.AssertionError -->
          <reporter-output>
          </reporter-output>
        </test-method> <!-- testmodals -->
        <test-method status="PASS" signature="setTestResult(org.testng.ITestResult)[pri:0, instance:launchpadBC.testcases.QA.VSTS_10339_QA@32eebfca]" name="setTestResult" is-config="true" duration-ms="1004" started-at="2019-12-19T13:23:34Z" finished-at="2019-12-19T13:23:35Z">
          <params>
            <param index="0">
              <value>
                <![CDATA[[TestResult name=testmodals status=FAILURE method=VSTS_10339_QA.testmodals(boolean, boolean)[pri:0, instance:launchpadBC.testcases.QA.VSTS_10339_QA@32eebfca] output={null}]]]>
              </value>
            </param>
          </params>
          <reporter-output>
          </reporter-output>
        </test-method> <!-- setTestResult -->
      </class> <!-- launchpadBC.testcases.QA.VSTS_10339_QA -->
      <class name="launchpadBC.testcases.QA.VSTS_11427_QA">
        <test-method status="PASS" signature="openbrowser(org.testng.ITestContext)[pri:0, instance:launchpadBC.testcases.QA.VSTS_11427_QA@28ac3dc3]" name="openbrowser" is-config="true" duration-ms="10924" started-at="2019-12-19T13:21:32Z" finished-at="2019-12-19T13:21:43Z">
          <params>
            <param index="0">
              <value>
                <![CDATA[org.testng.TestRunner@5bfc79cb]]>
              </value>
            </param>
          </params>
          <reporter-output>
          </reporter-output>
        </test-method> <!-- openbrowser -->
        <test-method status="PASS" signature="beforeTest(org.testng.ITestContext)[pri:0, instance:launchpadBC.testcases.QA.VSTS_11427_QA@28ac3dc3]" name="beforeTest" is-config="true" duration-ms="46033" started-at="2019-12-19T13:21:43Z" finished-at="2019-12-19T13:22:29Z">
          <params>
            <param index="0">
              <value>
                <![CDATA[org.testng.TestRunner@5bfc79cb]]>
              </value>
            </param>
          </params>
          <reporter-output>
          </reporter-output>
        </test-method> <!-- beforeTest -->
        <test-method status="PASS" signature="beforeMethod()[pri:0, instance:launchpadBC.testcases.QA.VSTS_11427_QA@28ac3dc3]" name="beforeMethod" is-config="true" duration-ms="21" started-at="2019-12-19T13:22:29Z" finished-at="2019-12-19T13:22:29Z">
          <reporter-output>
          </reporter-output>
        </test-method> <!-- beforeMethod -->
        <test-method status="PASS" signature="testmodals(boolean, boolean)[pri:0, instance:launchpadBC.testcases.QA.VSTS_11427_QA@28ac3dc3]" name="testmodals" duration-ms="26591" started-at="2019-12-19T13:22:29Z" finished-at="2019-12-19T13:22:56Z">
          <params>
            <param index="0">
              <value>
                <![CDATA[false]]>
              </value>
            </param>
            <param index="1">
              <value>
                <![CDATA[false]]>
              </value>
            </param>
          </params>
          <reporter-output>
          </reporter-output>
        </test-method> <!-- testmodals -->
        <test-method status="PASS" signature="setTestResult(org.testng.ITestResult)[pri:0, instance:launchpadBC.testcases.QA.VSTS_11427_QA@28ac3dc3]" name="setTestResult" is-config="true" duration-ms="1005" started-at="2019-12-19T13:22:56Z" finished-at="2019-12-19T13:22:57Z">
          <params>
            <param index="0">
              <value>
                <![CDATA[[TestResult name=testmodals status=SUCCESS method=VSTS_11427_QA.testmodals(boolean, boolean)[pri:0, instance:launchpadBC.testcases.QA.VSTS_11427_QA@28ac3dc3] output={null}]]]>
              </value>
            </param>
          </params>
          <reporter-output>
          </reporter-output>
        </test-method> <!-- setTestResult -->
        <test-method status="PASS" signature="afterTest()[pri:0, instance:launchpadBC.testcases.QA.VSTS_11427_QA@28ac3dc3]" name="afterTest" is-config="true" duration-ms="826" started-at="2019-12-19T13:23:35Z" finished-at="2019-12-19T13:23:36Z">
          <reporter-output>
          </reporter-output>
        </test-method> <!-- afterTest -->
        <test-method status="PASS" signature="afterSuite()[pri:0, instance:launchpadBC.testcases.QA.VSTS_11427_QA@28ac3dc3]" name="afterSuite" is-config="true" duration-ms="5602" started-at="2019-12-19T13:23:36Z" finished-at="2019-12-19T13:23:41Z">
          <reporter-output>
          </reporter-output>
        </test-method> <!-- afterSuite -->
      </class> <!-- launchpadBC.testcases.QA.VSTS_11427_QA -->
    </test> <!-- ProductionSanityTest-MOA -->
  </suite> <!-- LaunchpadBC_Tests -->
</testng-results>
